[0mGET /room/3b943aac-fa8c-4bc6-ab6e-032e369b6378 [36m304[0m 177.816 ms - -[0m
[0mGET /socket.io/socket.io.js [33m404[0m 123.286 ms - 161[0m
[0mGET /favicon.ico [33m404[0m 22.185 ms - 150[0m
[0mGET /room/3b943aac-fa8c-4bc6-ab6e-032e369b6378 [32m200[0m 89.314 ms - 2121[0m
[0mGET /favicon.ico [33m404[0m 16.945 ms - 150[0m
[0mGET /room/3b943aac-fa8c-4bc6-ab6e-032e369b6378 [32m200[0m 17.935 ms - 2121[0m
[0mGET /favicon.ico [33m404[0m 5.632 ms - 150[0m
[0mGET /room/3b943aac-fa8c-4bc6-ab6e-032e369b6378 [36m304[0m 97.354 ms - -[0m
[0mGET /favicon.ico [33m404[0m 16.320 ms - 150[0m
[0mGET /room/3b943aac-fa8c-4bc6-ab6e-032e369b6378 [36m304[0m 36.493 ms - -[0m
[0mGET /favicon.ico [33m404[0m 15.144 ms - 150[0m
[0mGET /room/3b943aac-fa8c-4bc6-ab6e-032e369b6378 [36m304[0m 17.368 ms - -[0m
[0mGET /favicon.ico [33m404[0m 5.373 ms - 150[0m
[0mGET / [36m302[0m 319.418 ms - 72[0m
[0mGET /users/sign-in [32m200[0m 1836.429 ms - 3167[0m
[0mGET /css/footer.css [33m404[0m 12.568 ms - 153[0m
[0mGET /favicon.ico [33m404[0m 7.614 ms - 150[0m
[0mGET / [36m302[0m 5.494 ms - 72[0m
[0mGET /users/sign-in [36m304[0m 13.104 ms - -[0m
[0mGET /css/footer.css [33m404[0m 66.210 ms - 153[0m
[0mPOST /users/create-session [36m302[0m 567.387 ms - 46[0m
[0mPOST /users/create-session [36m302[0m 127.362 ms - 46[0m
[0mGET / [32m200[0m 803.064 ms - 64006[0m
[0mGET /css/all.css [33m404[0m 55.160 ms - 150[0m
[0mGET /css/footer.css [33m404[0m 173.165 ms - 153[0m
[0mGET /room [36m302[0m 38.060 ms - 128[0m
[0mGET /room/447b2d16-4ebd-44cf-bd55-b0ca592c8f31 [32m200[0m 51.399 ms - 2121[0m
[0mGET /favicon.ico [33m404[0m 15.893 ms - 150[0m
[0mGET /room/447b2d16-4ebd-44cf-bd55-b0ca592c8f31 [32m200[0m 16.853 ms - 2121[0m
[0mGET /favicon.ico [33m404[0m 11.571 ms - 150[0m
[0mGET / [32m200[0m 315.821 ms - 63738[0m
[0mGET /css/footer.css [33m404[0m 128.815 ms - 153[0m
[0mGET /css/all.css [33m404[0m 60.178 ms - 150[0m
[0mGET /users/profile/61163c631716431b4cc99b20 [32m200[0m 1825.056 ms - 51452[0m
[0mGET /css/footer.css [33m404[0m 114.596 ms - 153[0m
[0mGET /css/all.css [33m404[0m 53.029 ms - 150[0m
[0mGET /css/footer.css [33m404[0m 24.712 ms - 153[0m
[0mGET /css/all.css [33m404[0m 28.271 ms - 150[0m
